<?xml version="1.1" encoding="UTF-8"?>
<testsuite name="testPackage.IO" tests="1" failures="0" errors="0" timestamp="2013-07-16T12:56:04" hostname="js-MacBook.local" time="0.0080">
  <properties/>
  <testcase name="generateParseConvert" classname="testPackage.IO" time="0.0080"/>
  <system-out><![CDATA[]]></system-out>
  <system-err><![CDATA[]]></system-err>
</testsuite>
