<?xml version="1.0" encoding="UTF-8"?>
<testsuite errors="0" failures="0" hostname="js-MacBook.local" name="testPackage.Parsing" tests="1" time="0.0030" timestamp="2013-07-15T23:20:32">
  <properties />
  <testcase classname="testPackage.Parsing" name="testItemize" time="0.0" />
  <system-out><![CDATA[]]></system-out>
  <system-err><![CDATA[]]></system-err>
</testsuite>
