<?xml version="1.1" encoding="UTF-8"?>
<testsuite name="testPackage.Parsing" tests="1" failures="0" errors="0" timestamp="2013-07-16T13:36:54" hostname="js-MacBook.local" time="0.0">
  <properties/>
  <testcase name="testItemize" classname="testPackage.Parsing" time="0.0"/>
  <system-out><![CDATA[]]></system-out>
  <system-err><![CDATA[]]></system-err>
</testsuite>
